<?xml version="1.0" encoding="UTF-8"?>
<testsuite xmlns:xsi="http://www.w3.org/2001/XMLSchema-instance" xsi:noNamespaceSchemaLocation="https://maven.apache.org/surefire/maven-surefire-plugin/xsd/surefire-test-report-3.0.xsd" version="3.0" name="io.stonk.order.OrderApplicationTests" time="21.946" tests="1" errors="0" skipped="0" failures="0">
  <properties>
[...]
</properties>
  <testcase name="contextLoads" classname="io.stonk.order.OrderApplicationTests" time="0.805">
    <system-out><![CDATA[23:52:13.792 [main] INFO org.springframework.test.context.support.AnnotationConfigContextLoaderUtils -- Could not detect default configuration classes for test class [io.stonk.order.OrderApplicationTests]: OrderApplicationTests does not declare any static, non-private, non-final, nested classes annotated with @Configuration.
23:52:14.084 [main] INFO org.springframework.boot.test.context.SpringBootTestContextBootstrapper -- Found @SpringBootConfiguration io.stonk.order.OrderApplication for test class io.stonk.order.OrderApplicationTests

  .   ____          _            __ _ _
 /\\ / ___'_ __ _ _(_)_ __  __ _ \ \ \ \
( ( )\___ | '_ | '_| | '_ \/ _` | \ \ \ \
 \\/  ___)| |_)| | | | | || (_| |  ) ) ) )
  '  |____| .__|_| |_|_| |_\__, | / / / /
 =========|_|==============|___/=/_/_/_/
 :: Spring Boot ::                (v3.2.5)

2026-05-02T23:52:15.646+03:00  INFO 14608 --- [order-service] [           main] io.stonk.order.OrderApplicationTests     : Starting OrderApplicationTests using Java 24.0.1 with PID 14608 (started by eyadg in C:\Games\Stonk\backend\order-service)
2026-05-02T23:52:15.652+03:00  INFO 14608 --- [order-service] [           main] io.stonk.order.OrderApplicationTests     : No active profile set, falling back to 1 default profile: "default"
2026-05-02T23:52:18.976+03:00  INFO 14608 --- [order-service] [           main] .s.d.r.c.RepositoryConfigurationDelegate : Bootstrapping Spring Data JPA repositories in DEFAULT mode.
2026-05-02T23:52:19.344+03:00  INFO 14608 --- [order-service] [           main] .s.d.r.c.RepositoryConfigurationDelegate : Finished Spring Data repository scanning in 348 ms. Found 1 JPA repository interface.
2026-05-02T23:52:21.225+03:00  INFO 14608 --- [order-service] [           main] o.s.cloud.context.scope.GenericScope     : BeanFactory id=c2579ebe-c9dd-38b4-adbf-9916fc6024c5
2026-05-02T23:52:22.383+03:00  WARN 14608 --- [order-service] [           main] trationDelegate$BeanPostProcessorChecker : Bean 'org.springframework.cloud.client.loadbalancer.LoadBalancerAutoConfiguration$DeferringLoadBalancerInterceptorConfig' of type [org.springframework.cloud.client.loadbalancer.LoadBalancerAutoConfiguration$DeferringLoadBalancerInterceptorConfig] is not eligible for getting processed by all BeanPostProcessors (for example: not eligible for auto-proxying). The currently created BeanPostProcessor [lbRestClientPostProcessor] is declared through a non-static factory method on that class; consider declaring it as static instead.
2026-05-02T23:52:22.414+03:00  WARN 14608 --- [order-service] [           main] trationDelegate$BeanPostProcessorChecker : Bean 'deferringLoadBalancerInterceptor' of type [org.springframework.cloud.client.loadbalancer.DeferringLoadBalancerInterceptor] is not eligible for getting processed by all BeanPostProcessors (for example: not eligible for auto-proxying). Is this bean getting eagerly injected into a currently created BeanPostProcessor [lbRestClientPostProcessor]? Check the corresponding BeanPostProcessor declaration and its dependencies.
2026-05-02T23:52:23.522+03:00  INFO 14608 --- [order-service] [           main] o.hibernate.jpa.internal.util.LogHelper  : HHH000204: Processing PersistenceUnitInfo [name: default]
2026-05-02T23:52:23.749+03:00  INFO 14608 --- [order-service] [           main] org.hibernate.Version                    : HHH000412: Hibernate ORM core version 6.4.4.Final
2026-05-02T23:52:23.844+03:00  INFO 14608 --- [order-service] [           main] o.h.c.internal.RegionFactoryInitiator    : HHH000026: Second-level cache disabled
2026-05-02T23:52:24.382+03:00  INFO 14608 --- [order-service] [           main] o.s.o.j.p.SpringPersistenceUnitInfo      : No LoadTimeWeaver setup: ignoring JPA class transformer
2026-05-02T23:52:24.441+03:00  INFO 14608 --- [order-service] [           main] com.zaxxer.hikari.HikariDataSource       : HikariPool-1 - Starting...
2026-05-02T23:52:24.803+03:00  INFO 14608 --- [order-service] [           main] com.zaxxer.hikari.pool.HikariPool        : HikariPool-1 - Added connection conn0: url=jdbc:h2:mem:order_db user=SA
2026-05-02T23:52:24.806+03:00  INFO 14608 --- [order-service] [           main] com.zaxxer.hikari.HikariDataSource       : HikariPool-1 - Start completed.
2026-05-02T23:52:26.328+03:00  INFO 14608 --- [order-service] [           main] o.h.e.t.j.p.i.JtaPlatformInitiator       : HHH000489: No JTA platform available (set 'hibernate.transaction.jta.platform' to enable JTA platform integration)
2026-05-02T23:52:26.422+03:00  INFO 14608 --- [order-service] [           main] j.LocalContainerEntityManagerFactoryBean : Initialized JPA EntityManagerFactory for persistence unit 'default'
2026-05-02T23:52:28.334+03:00  WARN 14608 --- [order-service] [           main] JpaBaseConfiguration$JpaWebConfiguration : spring.jpa.open-in-view is enabled by default. Therefore, database queries may be performed during view rendering. Explicitly configure spring.jpa.open-in-view to disable this warning
2026-05-02T23:52:28.667+03:00  WARN 14608 --- [order-service] [           main] .s.s.UserDetailsServiceAutoConfiguration : 

Using generated security password: 89834adf-c493-4e0b-b745-497858c719f0

This generated password is for development use only. Your security configuration must be updated before running your application in production.

2026-05-02T23:52:31.823+03:00  INFO 14608 --- [order-service] [           main] o.s.b.a.e.web.EndpointLinksResolver      : Exposing 2 endpoint(s) beneath base path '/actuator'
2026-05-02T23:52:32.117+03:00  INFO 14608 --- [order-service] [           main] o.s.s.web.DefaultSecurityFilterChain     : Will secure any request with [org.springframework.security.web.session.DisableEncodeUrlFilter@70882cb7, org.springframework.security.web.context.request.async.WebAsyncManagerIntegrationFilter@6980e66a, org.springframework.security.web.context.SecurityContextHolderFilter@8ae7e03, org.springframework.security.web.header.HeaderWriterFilter@14ca4b4d, org.springframework.web.filter.CorsFilter@1988e095, org.springframework.security.web.authentication.logout.LogoutFilter@4467088e, io.stonk.order.security.JwtAuthFilter@31428f76, org.springframework.security.web.savedrequest.RequestCacheAwareFilter@70d61624, org.springframework.security.web.servletapi.SecurityContextHolderAwareRequestFilter@58192546, org.springframework.security.web.authentication.AnonymousAuthenticationFilter@7ec63b9a, org.springframework.security.web.session.SessionManagementFilter@42a698bd, org.springframework.security.web.access.ExceptionTranslationFilter@1104cc93, org.springframework.security.web.access.intercept.AuthorizationFilter@17179a7e]
2026-05-02T23:52:33.708+03:00  INFO 14608 --- [order-service] [           main] DiscoveryClientOptionalArgsConfiguration : Eureka HTTP Client uses RestTemplate.
2026-05-02T23:52:33.940+03:00  WARN 14608 --- [order-service] [           main] iguration$LoadBalancerCaffeineWarnLogger : Spring Cloud LoadBalancer is currently working with the default cache. While this cache implementation is useful for development and tests, it's recommended to use Caffeine cache in production.You can switch to using Caffeine cache, by adding it and org.springframework.cache.caffeine.CaffeineCacheManager to the classpath.
2026-05-02T23:52:34.310+03:00  INFO 14608 --- [order-service] [           main] io.stonk.order.OrderApplicationTests     : Started OrderApplicationTests in 19.97 seconds (process running for 21.908)
]]></system-out>
    <system-err><![CDATA[WARNING: A Java agent has been loaded dynamically (C:\Users\eyadg\.m2\repository\net\bytebuddy\byte-buddy-agent\1.14.13\byte-buddy-agent-1.14.13.jar)
WARNING: If a serviceability tool is in use, please run with -XX:+EnableDynamicAgentLoading to hide this warning
WARNING: If a serviceability tool is not in use, please run with -Djdk.instrument.traceUsage for more information
WARNING: Dynamic loading of agents will be disallowed by default in a future release
]]></system-err>
  </testcase>
</testsuite>